  CBall.cpp
C:\Users\serg7\source\repos\lab2\CBall.h(2,9): error C3646: hBrush: неизвестный спецификатор переопределения
C:\Users\serg7\source\repos\lab2\CBall.h(2,15): error C4430: отсутствует спецификатор типа - предполагается int. Примечание. C++ не поддерживает int по умолчанию
C:\Users\serg7\source\repos\lab2\CBall.h(3,8): error C3646: prev_ticks: неизвестный спецификатор переопределения
C:\Users\serg7\source\repos\lab2\CBall.h(3,18): error C4430: отсутствует спецификатор типа - предполагается int. Примечание. C++ не поддерживает int по умолчанию
C:\Users\serg7\source\repos\lab2\CBall.h(7,7): error C3646: bounds: неизвестный спецификатор переопределения
C:\Users\serg7\source\repos\lab2\CBall.h(7,13): error C4430: отсутствует спецификатор типа - предполагается int. Примечание. C++ не поддерживает int по умолчанию
C:\Users\serg7\source\repos\lab2\CBall.h(11,12): error C2061: синтаксическая ошибка: идентификатор "HDC"
C:\Users\serg7\source\repos\lab2\CBall.h(12,12): error C2061: синтаксическая ошибка: идентификатор "DWORD"
C:\Users\serg7\source\repos\lab2\CBall.cpp(3,2): error C2065: hBrush: необъявленный идентификатор
C:\Users\serg7\source\repos\lab2\CBall.cpp(3,28): error C3861: RGB: идентификатор не найден
C:\Users\serg7\source\repos\lab2\CBall.cpp(3,11): error C3861: CreateSolidBrush: идентификатор не найден
C:\Users\serg7\source\repos\lab2\CBall.cpp(9,8): error C2039: "prev_ticks": не является членом "CBall".
C:\Users\serg7\source\repos\lab2\CBall.h(1,7): message : см. объявление "CBall"
C:\Users\serg7\source\repos\lab2\CBall.cpp(9,21): error C3861: GetTickCount: идентификатор не найден
C:\Users\serg7\source\repos\lab2\CBall.cpp(13,15): error C2065: hBrush: необъявленный идентификатор
C:\Users\serg7\source\repos\lab2\CBall.cpp(13,2): error C3861: DeleteObject: идентификатор не найден
C:\Users\serg7\source\repos\lab2\CBall.cpp(15,22): error C2761: "void CBall::Draw(void)": повторное объявление члена запрещено.
C:\Users\serg7\source\repos\lab2\CBall.cpp(15,18): error C2065: HDC: необъявленный идентификатор
C:\Users\serg7\source\repos\lab2\CBall.cpp(15,22): error C2146: синтаксическая ошибка: отсутствие ")" перед идентификатором "dc"
C:\Users\serg7\source\repos\lab2\CBall.cpp(15,26): error C2143: синтаксическая ошибка: отсутствие ";" перед "{"
C:\Users\serg7\source\repos\lab2\CBall.cpp(15,26): error C2447: {: отсутствует заголовок функции (возможно, используется формальный список старого типа)
C:\Users\serg7\source\repos\lab2\CBall.cpp(22,13): error C2039: "SetBounds": не является членом "CBall".
C:\Users\serg7\source\repos\lab2\CBall.h(1,7): message : см. объявление "CBall"
C:\Users\serg7\source\repos\lab2\CBall.cpp(22,13): error C2182: "SetBounds": недопустимое использование "void"
C:\Users\serg7\source\repos\lab2\CBall.cpp(22,23): error C2065: RECT: необъявленный идентификатор
C:\Users\serg7\source\repos\lab2\CBall.cpp(22,28): error C2146: синтаксическая ошибка: отсутствие ")" перед идентификатором "bnds"
C:\Users\serg7\source\repos\lab2\CBall.cpp(22,34): error C2143: синтаксическая ошибка: отсутствие ";" перед "{"
C:\Users\serg7\source\repos\lab2\CBall.cpp(22,34): error C2447: {: отсутствует заголовок функции (возможно, используется формальный список старого типа)
C:\Users\serg7\source\repos\lab2\CBall.cpp(25,24): error C2761: "void CBall::Move(void)": повторное объявление члена запрещено.
C:\Users\serg7\source\repos\lab2\CBall.cpp(25,18): error C2065: DWORD: необъявленный идентификатор
C:\Users\serg7\source\repos\lab2\CBall.cpp(25,24): error C2146: синтаксическая ошибка: отсутствие ")" перед идентификатором "ticks"
C:\Users\serg7\source\repos\lab2\CBall.cpp(25,31): error C2143: синтаксическая ошибка: отсутствие ";" перед "{"
C:\Users\serg7\source\repos\lab2\CBall.cpp(25,31): error C2447: {: отсутствует заголовок функции (возможно, используется формальный список старого типа)
  lab2.cpp
C:\Users\serg7\source\repos\lab2\lab2.cpp(93,6): warning C4273: Ellipse: несовместимое связывание dll
C:\Program Files (x86)\Windows Kits\10\Include\10.0.22621.0\um\wingdi.h(4001,24): message : см. предыдущее определение "Ellipse"
C:\Users\serg7\source\repos\lab2\lab2.cpp(108,25): warning C4244: return: преобразование "WPARAM" в "int", возможна потеря данных
  Создание кода...
